<?xml version="1.0" encoding="UTF-8"?>
<!-- Generated by org.testng.reporters.JUnitReportReporter -->
<testsuite hostname="TABLET-62734F6L" failures="0" tests="2" name="testRunner.TestRunnerwithTestNG" time="20.626" errors="0" timestamp="2022-10-30T12:25:27 CDT" skipped="0">
  <testcase classname="testRunner.TestRunnerwithTestNG" name="runScenario" time="10.766"/>
  <system-out/>
  <testcase classname="testRunner.TestRunnerwithTestNG" name="runScenario" time="9.860"/>
  <system-out/>
</testsuite> <!-- testRunner.TestRunnerwithTestNG -->
